<?xml version="1.0" encoding="UTF-8"?>
<testng-results ignored="0" total="2" passed="2" failed="0" skipped="0">
  <reporter-output>
  </reporter-output>
  <suite started-at="2024-10-29T20:14:23 WIB" name="Parallel Execution Suite" finished-at="2024-10-29T20:14:25 WIB" duration-ms="1052">
    <groups>
    </groups>
    <test started-at="2024-10-29T20:14:23 WIB" name="MyTestGroup" finished-at="2024-10-29T20:14:25 WIB" duration-ms="1052">
      <class name="RestAssuredTest">
        <test-method is-config="true" signature="setUp()[pri:0, instance:RestAssuredTest@7748410a]" started-at="2024-10-29T20:14:23 WIB" name="setUp" finished-at="2024-10-29T20:14:24 WIB" duration-ms="209" status="PASS">
          <reporter-output>
          </reporter-output>
        </test-method> <!-- setUp -->
        <test-method signature="GetPhotoParams()[pri:0, instance:RestAssuredTest@7748410a]" started-at="2024-10-29T20:14:24 WIB" name="GetPhotoParams" finished-at="2024-10-29T20:14:25 WIB" duration-ms="829" status="PASS">
          <reporter-output>
          </reporter-output>
        </test-method> <!-- GetPhotoParams -->
        <test-method signature="GetPhoto()[pri:0, instance:RestAssuredTest@7748410a]" started-at="2024-10-29T20:14:24 WIB" name="GetPhoto" finished-at="2024-10-29T20:14:25 WIB" duration-ms="829" status="PASS">
          <reporter-output>
          </reporter-output>
        </test-method> <!-- GetPhoto -->
      </class> <!-- RestAssuredTest -->
    </test> <!-- MyTestGroup -->
  </suite> <!-- Parallel Execution Suite -->
</testng-results>
